<?xml version="1.0" encoding="UTF-8"?>
<coverage generated="1715567518885" clover="3.2.0">
  <project timestamp="1715567518885" name="All files">
    <metrics statements="39" coveredstatements="37" conditionals="5" coveredconditionals="5" methods="17" coveredmethods="15" elements="61" coveredelements="57" complexity="0" loc="39" ncloc="39" packages="3" files="3" classes="3"/>
    <package name="entities">
      <metrics statements="24" coveredstatements="23" conditionals="0" coveredconditionals="0" methods="12" coveredmethods="11"/>
      <file name="payment.ts" path="/home/monica/projects/payment-ms/application/src/domain/entities/payment.ts">
        <metrics statements="24" coveredstatements="23" conditionals="0" coveredconditionals="0" methods="12" coveredmethods="11"/>
        <line num="1" count="1" type="stmt"/>
        <line num="3" count="1" type="stmt"/>
        <line num="5" count="0" type="stmt"/>
        <line num="24" count="2" type="stmt"/>
        <line num="25" count="2" type="stmt"/>
        <line num="26" count="2" type="stmt"/>
        <line num="27" count="2" type="stmt"/>
        <line num="28" count="2" type="stmt"/>
        <line num="42" count="1" type="stmt"/>
        <line num="44" count="1" type="stmt"/>
        <line num="45" count="1" type="stmt"/>
        <line num="46" count="1" type="stmt"/>
        <line num="47" count="1" type="stmt"/>
        <line num="48" count="1" type="stmt"/>
        <line num="50" count="1" type="stmt"/>
        <line num="54" count="1" type="stmt"/>
        <line num="58" count="2" type="stmt"/>
        <line num="62" count="1" type="stmt"/>
        <line num="65" count="1" type="stmt"/>
        <line num="69" count="2" type="stmt"/>
        <line num="73" count="1" type="stmt"/>
        <line num="77" count="1" type="stmt"/>
        <line num="81" count="1" type="stmt"/>
        <line num="85" count="1" type="stmt"/>
      </file>
    </package>
    <package name="error">
      <metrics statements="2" coveredstatements="2" conditionals="0" coveredconditionals="0" methods="1" coveredmethods="1"/>
      <file name="InvalidPaymentStatusError.ts" path="/home/monica/projects/payment-ms/application/src/domain/error/InvalidPaymentStatusError.ts">
        <metrics statements="2" coveredstatements="2" conditionals="0" coveredconditionals="0" methods="1" coveredmethods="1"/>
        <line num="1" count="1" type="stmt"/>
        <line num="3" count="2" type="stmt"/>
      </file>
    </package>
    <package name="value_object">
      <metrics statements="13" coveredstatements="12" conditionals="5" coveredconditionals="5" methods="4" coveredmethods="3"/>
      <file name="paymentStatus.ts" path="/home/monica/projects/payment-ms/application/src/domain/value_object/paymentStatus.ts">
        <metrics statements="13" coveredstatements="12" conditionals="5" coveredconditionals="5" methods="4" coveredmethods="3"/>
        <line num="1" count="1" type="stmt"/>
        <line num="3" count="1" type="stmt"/>
        <line num="4" count="1" type="stmt"/>
        <line num="5" count="1" type="stmt"/>
        <line num="6" count="1" type="stmt"/>
        <line num="7" count="1" type="stmt"/>
        <line num="12" count="4" type="cond" truecount="1" falsecount="0"/>
        <line num="18" count="1" type="stmt"/>
        <line num="21" count="3" type="stmt"/>
        <line num="25" count="1" type="stmt"/>
        <line num="29" count="0" type="stmt"/>
        <line num="33" count="1" type="stmt"/>
        <line num="34" count="1" type="stmt"/>
      </file>
    </package>
  </project>
</coverage>
