TN:
SF:src\domain\entities\product.ts
FN:14,(anonymous_0)
FN:28,(anonymous_1)
FN:46,(anonymous_2)
FN:50,(anonymous_3)
FN:54,(anonymous_4)
FN:58,(anonymous_5)
FN:62,(anonymous_6)
FN:66,(anonymous_7)
FN:70,(anonymous_8)
FN:74,(anonymous_9)
FN:78,(anonymous_10)
FNF:11
FNH:9
FNDA:3,(anonymous_0)
FNDA:1,(anonymous_1)
FNDA:2,(anonymous_2)
FNDA:2,(anonymous_3)
FNDA:2,(anonymous_4)
FNDA:2,(anonymous_5)
FNDA:0,(anonymous_6)
FNDA:1,(anonymous_7)
FNDA:0,(anonymous_8)
FNDA:1,(anonymous_9)
FNDA:1,(anonymous_10)
DA:1,1
DA:2,1
DA:4,1
DA:10,3
DA:21,3
DA:22,3
DA:23,2
DA:24,2
DA:25,2
DA:38,1
DA:39,1
DA:40,1
DA:41,1
DA:42,1
DA:43,1
DA:47,2
DA:51,2
DA:55,2
DA:59,2
DA:63,0
DA:67,1
DA:71,0
DA:75,1
DA:79,1
LF:24
LH:22
BRF:0
BRH:0
end_of_record
TN:
SF:src\domain\error\InvalidCategoryError.ts
FN:3,(anonymous_0)
FNF:1
FNH:1
FNDA:2,(anonymous_0)
DA:1,1
DA:4,2
LF:2
LH:2
BRF:0
BRH:0
end_of_record
TN:
SF:src\domain\value_object\category.ts
FN:11,(anonymous_0)
FN:24,(anonymous_1)
FN:29,(anonymous_2)
FNF:3
FNH:3
FNDA:3,(anonymous_0)
FNDA:2,(anonymous_1)
FNDA:1,(anonymous_2)
DA:1,1
DA:3,1
DA:4,1
DA:5,1
DA:6,1
DA:7,1
DA:12,3
DA:18,1
DA:21,2
DA:25,2
DA:29,1
DA:30,1
LF:12
LH:12
BRDA:12,0,0,1
BRDA:13,1,0,3
BRDA:13,1,1,3
BRDA:13,1,2,3
BRDA:13,1,3,3
BRF:5
BRH:5
end_of_record
TN:
SF:src\domain\value_object\money.ts
FN:4,(anonymous_0)
FN:8,(anonymous_1)
FN:13,(anonymous_2)
FNF:3
FNH:2
FNDA:2,(anonymous_0)
FNDA:2,(anonymous_1)
FNDA:0,(anonymous_2)
DA:1,1
DA:5,2
DA:9,2
DA:13,1
DA:14,0
LF:5
LH:4
BRF:0
BRH:0
end_of_record
